This is pdfTeX, Version 3.1415926-2.5-1.40.14 (TeX Live 2013/Debian) (format=pdflatex 2014.10.16)  18 DEC 2014 15:05
entering extended mode
 restricted \write18 enabled.
 %&-line parsing enabled.
**report1_gen.tex
(./report1_gen.tex
LaTeX2e <2011/06/27>
Babel <3.9h> and hyphenation patterns for 2 languages loaded.
(/usr/share/texlive/texmf-dist/tex/latex/base/report.cls
Document Class: report 2007/10/19 v1.4h Standard LaTeX document class
(/usr/share/texlive/texmf-dist/tex/latex/base/size11.clo
File: size11.clo 2007/10/19 v1.4h Standard LaTeX file (size option)
)
\c@part=\count79
\c@chapter=\count80
\c@section=\count81
\c@subsection=\count82
\c@subsubsection=\count83
\c@paragraph=\count84
\c@subparagraph=\count85
\c@figure=\count86
\c@table=\count87
\abovecaptionskip=\skip41
\belowcaptionskip=\skip42
\bibindent=\dimen102
)
(/usr/share/texlive/texmf-dist/tex/latex/float/float.sty
Package: float 2001/11/08 v1.3d Float enhancements (AL)
\c@float@type=\count88
\float@exts=\toks14
\float@box=\box26
\@float@everytoks=\toks15
\@floatcapt=\box27
)
(/usr/share/texmf/tex/latex/pgf/frontendlayer/tikz.sty
(/usr/share/texmf/tex/latex/pgf/basiclayer/pgf.sty
(/usr/share/texmf/tex/latex/pgf/utilities/pgfrcs.sty
(/usr/share/texmf/tex/generic/pgf/utilities/pgfutil-common.tex
\pgfutil@everybye=\toks16
)
(/usr/share/texmf/tex/generic/pgf/utilities/pgfutil-latex.def
\pgfutil@abb=\box28

(/usr/share/texlive/texmf-dist/tex/latex/ms/everyshi.sty
Package: everyshi 2001/05/15 v3.00 EveryShipout Package (MS)
))
(/usr/share/texmf/tex/generic/pgf/utilities/pgfrcs.code.tex
Package: pgfrcs 2010/10/25 v2.10 (rcs-revision 1.24)
))
Package: pgf 2008/01/15 v2.10 (rcs-revision 1.12)

(/usr/share/texmf/tex/latex/pgf/basiclayer/pgfcore.sty
(/usr/share/texlive/texmf-dist/tex/latex/graphics/graphicx.sty
Package: graphicx 1999/02/16 v1.0f Enhanced LaTeX Graphics (DPC,SPQR)

(/usr/share/texlive/texmf-dist/tex/latex/graphics/keyval.sty
Package: keyval 1999/03/16 v1.13 key=value parser (DPC)
\KV@toks@=\toks17
)
(/usr/share/texlive/texmf-dist/tex/latex/graphics/graphics.sty
Package: graphics 2009/02/05 v1.0o Standard LaTeX Graphics (DPC,SPQR)

(/usr/share/texlive/texmf-dist/tex/latex/graphics/trig.sty
Package: trig 1999/03/16 v1.09 sin cos tan (DPC)
)
(/usr/share/texlive/texmf-dist/tex/latex/latexconfig/graphics.cfg
File: graphics.cfg 2010/04/23 v1.9 graphics configuration of TeX Live
)
Package graphics Info: Driver file: pdftex.def on input line 91.

(/usr/share/texlive/texmf-dist/tex/latex/pdftex-def/pdftex.def
File: pdftex.def 2011/05/27 v0.06d Graphics/color for pdfTeX

(/usr/share/texlive/texmf-dist/tex/generic/oberdiek/infwarerr.sty
Package: infwarerr 2010/04/08 v1.3 Providing info/warning/error messages (HO)
)
(/usr/share/texlive/texmf-dist/tex/generic/oberdiek/ltxcmds.sty
Package: ltxcmds 2011/11/09 v1.22 LaTeX kernel commands for general use (HO)
)
\Gread@gobject=\count89
))
\Gin@req@height=\dimen103
\Gin@req@width=\dimen104
)
(/usr/share/texmf/tex/latex/pgf/systemlayer/pgfsys.sty
(/usr/share/texmf/tex/generic/pgf/systemlayer/pgfsys.code.tex
Package: pgfsys 2010/06/30 v2.10 (rcs-revision 1.37)

(/usr/share/texmf/tex/generic/pgf/utilities/pgfkeys.code.tex
\pgfkeys@pathtoks=\toks18
\pgfkeys@temptoks=\toks19

(/usr/share/texmf/tex/generic/pgf/utilities/pgfkeysfiltered.code.tex
\pgfkeys@tmptoks=\toks20
))
\pgf@x=\dimen105
\pgf@y=\dimen106
\pgf@xa=\dimen107
\pgf@ya=\dimen108
\pgf@xb=\dimen109
\pgf@yb=\dimen110
\pgf@xc=\dimen111
\pgf@yc=\dimen112
\w@pgf@writea=\write3
\r@pgf@reada=\read1
\c@pgf@counta=\count90
\c@pgf@countb=\count91
\c@pgf@countc=\count92
\c@pgf@countd=\count93

(/usr/share/texmf/tex/generic/pgf/systemlayer/pgf.cfg
File: pgf.cfg 2008/05/14  (rcs-revision 1.7)
)
Package pgfsys Info: Driver file for pgf: pgfsys-pdftex.def on input line 900.

(/usr/share/texmf/tex/generic/pgf/systemlayer/pgfsys-pdftex.def
File: pgfsys-pdftex.def 2009/05/22  (rcs-revision 1.26)

(/usr/share/texmf/tex/generic/pgf/systemlayer/pgfsys-common-pdf.def
File: pgfsys-common-pdf.def 2008/05/19  (rcs-revision 1.10)
)))
(/usr/share/texmf/tex/generic/pgf/systemlayer/pgfsyssoftpath.code.tex
File: pgfsyssoftpath.code.tex 2008/07/18  (rcs-revision 1.7)
\pgfsyssoftpath@smallbuffer@items=\count94
\pgfsyssoftpath@bigbuffer@items=\count95
)
(/usr/share/texmf/tex/generic/pgf/systemlayer/pgfsysprotocol.code.tex
File: pgfsysprotocol.code.tex 2006/10/16  (rcs-revision 1.4)
))
(/usr/share/texmf/tex/latex/xcolor/xcolor.sty
Package: xcolor 2007/01/21 v2.11 LaTeX color extensions (UK)

(/usr/share/texlive/texmf-dist/tex/latex/latexconfig/color.cfg
File: color.cfg 2007/01/18 v1.5 color configuration of teTeX/TeXLive
)
Package xcolor Info: Driver file: pdftex.def on input line 225.
Package xcolor Info: Model `cmy' substituted by `cmy0' on input line 1337.
Package xcolor Info: Model `hsb' substituted by `rgb' on input line 1341.
Package xcolor Info: Model `RGB' extended on input line 1353.
Package xcolor Info: Model `HTML' substituted by `rgb' on input line 1355.
Package xcolor Info: Model `Hsb' substituted by `hsb' on input line 1356.
Package xcolor Info: Model `tHsb' substituted by `hsb' on input line 1357.
Package xcolor Info: Model `HSB' substituted by `hsb' on input line 1358.
Package xcolor Info: Model `Gray' substituted by `gray' on input line 1359.
Package xcolor Info: Model `wave' substituted by `hsb' on input line 1360.
)
(/usr/share/texmf/tex/generic/pgf/basiclayer/pgfcore.code.tex
Package: pgfcore 2010/04/11 v2.10 (rcs-revision 1.7)

(/usr/share/texmf/tex/generic/pgf/math/pgfmath.code.tex
(/usr/share/texmf/tex/generic/pgf/math/pgfmathcalc.code.tex
(/usr/share/texmf/tex/generic/pgf/math/pgfmathutil.code.tex)
(/usr/share/texmf/tex/generic/pgf/math/pgfmathparser.code.tex
\pgfmath@dimen=\dimen113
\pgfmath@count=\count96
\pgfmath@box=\box29
\pgfmath@toks=\toks21
\pgfmath@stack@operand=\toks22
\pgfmath@stack@operation=\toks23
)
(/usr/share/texmf/tex/generic/pgf/math/pgfmathfunctions.code.tex
(/usr/share/texmf/tex/generic/pgf/math/pgfmathfunctions.basic.code.tex)
(/usr/share/texmf/tex/generic/pgf/math/pgfmathfunctions.trigonometric.code.tex)
(/usr/share/texmf/tex/generic/pgf/math/pgfmathfunctions.random.code.tex)
(/usr/share/texmf/tex/generic/pgf/math/pgfmathfunctions.comparison.code.tex)
(/usr/share/texmf/tex/generic/pgf/math/pgfmathfunctions.base.code.tex)
(/usr/share/texmf/tex/generic/pgf/math/pgfmathfunctions.round.code.tex)
(/usr/share/texmf/tex/generic/pgf/math/pgfmathfunctions.misc.code.tex)))
(/usr/share/texmf/tex/generic/pgf/math/pgfmathfloat.code.tex
\c@pgfmathroundto@lastzeros=\count97
))
(/usr/share/texmf/tex/generic/pgf/basiclayer/pgfcorepoints.code.tex
File: pgfcorepoints.code.tex 2010/04/09  (rcs-revision 1.20)
\pgf@picminx=\dimen114
\pgf@picmaxx=\dimen115
\pgf@picminy=\dimen116
\pgf@picmaxy=\dimen117
\pgf@pathminx=\dimen118
\pgf@pathmaxx=\dimen119
\pgf@pathminy=\dimen120
\pgf@pathmaxy=\dimen121
\pgf@xx=\dimen122
\pgf@xy=\dimen123
\pgf@yx=\dimen124
\pgf@yy=\dimen125
\pgf@zx=\dimen126
\pgf@zy=\dimen127
)
(/usr/share/texmf/tex/generic/pgf/basiclayer/pgfcorepathconstruct.code.tex
File: pgfcorepathconstruct.code.tex 2010/08/03  (rcs-revision 1.24)
\pgf@path@lastx=\dimen128
\pgf@path@lasty=\dimen129
)
(/usr/share/texmf/tex/generic/pgf/basiclayer/pgfcorepathusage.code.tex
File: pgfcorepathusage.code.tex 2008/04/22  (rcs-revision 1.12)
\pgf@shorten@end@additional=\dimen130
\pgf@shorten@start@additional=\dimen131
)
(/usr/share/texmf/tex/generic/pgf/basiclayer/pgfcorescopes.code.tex
File: pgfcorescopes.code.tex 2010/09/08  (rcs-revision 1.34)
\pgfpic=\box30
\pgf@hbox=\box31
\pgf@layerbox@main=\box32
\pgf@picture@serial@count=\count98
)
(/usr/share/texmf/tex/generic/pgf/basiclayer/pgfcoregraphicstate.code.tex
File: pgfcoregraphicstate.code.tex 2008/04/22  (rcs-revision 1.9)
\pgflinewidth=\dimen132
)
(/usr/share/texmf/tex/generic/pgf/basiclayer/pgfcoretransformations.code.tex
File: pgfcoretransformations.code.tex 2009/06/10  (rcs-revision 1.11)
\pgf@pt@x=\dimen133
\pgf@pt@y=\dimen134
\pgf@pt@temp=\dimen135
)
(/usr/share/texmf/tex/generic/pgf/basiclayer/pgfcorequick.code.tex
File: pgfcorequick.code.tex 2008/10/09  (rcs-revision 1.3)
)
(/usr/share/texmf/tex/generic/pgf/basiclayer/pgfcoreobjects.code.tex
File: pgfcoreobjects.code.tex 2006/10/11  (rcs-revision 1.2)
)
(/usr/share/texmf/tex/generic/pgf/basiclayer/pgfcorepathprocessing.code.tex
File: pgfcorepathprocessing.code.tex 2008/10/09  (rcs-revision 1.8)
)
(/usr/share/texmf/tex/generic/pgf/basiclayer/pgfcorearrows.code.tex
File: pgfcorearrows.code.tex 2008/04/23  (rcs-revision 1.11)
)
(/usr/share/texmf/tex/generic/pgf/basiclayer/pgfcoreshade.code.tex
File: pgfcoreshade.code.tex 2008/11/23  (rcs-revision 1.13)
\pgf@max=\dimen136
\pgf@sys@shading@range@num=\count99
)
(/usr/share/texmf/tex/generic/pgf/basiclayer/pgfcoreimage.code.tex
File: pgfcoreimage.code.tex 2010/03/25  (rcs-revision 1.16)

(/usr/share/texmf/tex/generic/pgf/basiclayer/pgfcoreexternal.code.tex
File: pgfcoreexternal.code.tex 2010/09/01  (rcs-revision 1.17)
\pgfexternal@startupbox=\box33
))
(/usr/share/texmf/tex/generic/pgf/basiclayer/pgfcorelayers.code.tex
File: pgfcorelayers.code.tex 2010/08/27  (rcs-revision 1.2)
)
(/usr/share/texmf/tex/generic/pgf/basiclayer/pgfcoretransparency.code.tex
File: pgfcoretransparency.code.tex 2008/01/17  (rcs-revision 1.2)
)
(/usr/share/texmf/tex/generic/pgf/basiclayer/pgfcorepatterns.code.tex
File: pgfcorepatterns.code.tex 2009/07/02  (rcs-revision 1.3)
)))
(/usr/share/texmf/tex/generic/pgf/modules/pgfmoduleshapes.code.tex
File: pgfmoduleshapes.code.tex 2010/09/09  (rcs-revision 1.13)
\pgfnodeparttextbox=\box34
)
(/usr/share/texmf/tex/generic/pgf/modules/pgfmoduleplot.code.tex
File: pgfmoduleplot.code.tex 2010/10/22  (rcs-revision 1.8)
)
(/usr/share/texmf/tex/latex/pgf/compatibility/pgfcomp-version-0-65.sty
Package: pgfcomp-version-0-65 2007/07/03 v2.10 (rcs-revision 1.7)
\pgf@nodesepstart=\dimen137
\pgf@nodesepend=\dimen138
)
(/usr/share/texmf/tex/latex/pgf/compatibility/pgfcomp-version-1-18.sty
Package: pgfcomp-version-1-18 2007/07/23 v2.10 (rcs-revision 1.1)
))
(/usr/share/texmf/tex/latex/pgf/utilities/pgffor.sty
(/usr/share/texmf/tex/latex/pgf/utilities/pgfkeys.sty
(/usr/share/texmf/tex/generic/pgf/utilities/pgfkeys.code.tex))
(/usr/share/texmf/tex/generic/pgf/utilities/pgffor.code.tex
Package: pgffor 2010/03/23 v2.10 (rcs-revision 1.18)
\pgffor@iter=\dimen139
\pgffor@skip=\dimen140
\pgffor@stack=\toks24
\pgffor@toks=\toks25
))
(/usr/share/texmf/tex/generic/pgf/frontendlayer/tikz/tikz.code.tex
Package: tikz 2010/10/13 v2.10 (rcs-revision 1.76)

(/usr/share/texmf/tex/generic/pgf/libraries/pgflibraryplothandlers.code.tex
File: pgflibraryplothandlers.code.tex 2010/05/31 v2.10 (rcs-revision 1.15)
\pgf@plot@mark@count=\count100
\pgfplotmarksize=\dimen141
)
\tikz@lastx=\dimen142
\tikz@lasty=\dimen143
\tikz@lastxsaved=\dimen144
\tikz@lastysaved=\dimen145
\tikzleveldistance=\dimen146
\tikzsiblingdistance=\dimen147
\tikz@figbox=\box35
\tikz@tempbox=\box36
\tikztreelevel=\count101
\tikznumberofchildren=\count102
\tikznumberofcurrentchild=\count103
\tikz@fig@count=\count104

(/usr/share/texmf/tex/generic/pgf/modules/pgfmodulematrix.code.tex
File: pgfmodulematrix.code.tex 2010/08/24  (rcs-revision 1.4)
\pgfmatrixcurrentrow=\count105
\pgfmatrixcurrentcolumn=\count106
\pgf@matrix@numberofcolumns=\count107
)
\tikz@expandcount=\count108

(/usr/share/texmf/tex/generic/pgf/frontendlayer/tikz/libraries/tikzlibrarytopat
hs.code.tex
File: tikzlibrarytopaths.code.tex 2008/06/17 v2.10 (rcs-revision 1.2)
)))
(/usr/share/texmf/tex/generic/pgf/frontendlayer/tikz/libraries/tikzlibraryplotm
arks.code.tex
File: tikzlibraryplotmarks.code.tex 2008/01/09 v2.10 (rcs-revision 1.1)

(/usr/share/texmf/tex/generic/pgf/libraries/pgflibraryplotmarks.code.tex
File: pgflibraryplotmarks.code.tex 2010/10/15 v2.10 (rcs-revision 1.12)
))
(/usr/share/texlive/texmf-dist/tex/latex/amsmath/amsmath.sty
Package: amsmath 2013/01/14 v2.14 AMS math features
\@mathmargin=\skip43

For additional information on amsmath, use the `?' option.
(/usr/share/texlive/texmf-dist/tex/latex/amsmath/amstext.sty
Package: amstext 2000/06/29 v2.01

(/usr/share/texlive/texmf-dist/tex/latex/amsmath/amsgen.sty
File: amsgen.sty 1999/11/30 v2.0
\@emptytoks=\toks26
\ex@=\dimen148
))
(/usr/share/texlive/texmf-dist/tex/latex/amsmath/amsbsy.sty
Package: amsbsy 1999/11/29 v1.2d
\pmbraise@=\dimen149
)
(/usr/share/texlive/texmf-dist/tex/latex/amsmath/amsopn.sty
Package: amsopn 1999/12/14 v2.01 operator names
)
\inf@bad=\count109
LaTeX Info: Redefining \frac on input line 210.
\uproot@=\count110
\leftroot@=\count111
LaTeX Info: Redefining \overline on input line 306.
\classnum@=\count112
\DOTSCASE@=\count113
LaTeX Info: Redefining \ldots on input line 378.
LaTeX Info: Redefining \dots on input line 381.
LaTeX Info: Redefining \cdots on input line 466.
\Mathstrutbox@=\box37
\strutbox@=\box38
\big@size=\dimen150
LaTeX Font Info:    Redeclaring font encoding OML on input line 566.
LaTeX Font Info:    Redeclaring font encoding OMS on input line 567.
\macc@depth=\count114
\c@MaxMatrixCols=\count115
\dotsspace@=\muskip10
\c@parentequation=\count116
\dspbrk@lvl=\count117
\tag@help=\toks27
\row@=\count118
\column@=\count119
\maxfields@=\count120
\andhelp@=\toks28
\eqnshift@=\dimen151
\alignsep@=\dimen152
\tagshift@=\dimen153
\tagwidth@=\dimen154
\totwidth@=\dimen155
\lineht@=\dimen156
\@envbody=\toks29
\multlinegap=\skip44
\multlinetaggap=\skip45
\mathdisplay@stack=\toks30
LaTeX Info: Redefining \[ on input line 2665.
LaTeX Info: Redefining \] on input line 2666.
)
(/usr/share/texlive/texmf-dist/tex/latex/oberdiek/epstopdf.sty
Package: epstopdf 2010/02/09 v2.5 Conversion with epstopdf on the fly (HO)

(/usr/share/texlive/texmf-dist/tex/latex/oberdiek/epstopdf-base.sty
Package: epstopdf-base 2010/02/09 v2.5 Base part for package epstopdf

(/usr/share/texlive/texmf-dist/tex/latex/oberdiek/grfext.sty
Package: grfext 2010/08/19 v1.1 Manage graphics extensions (HO)

(/usr/share/texlive/texmf-dist/tex/generic/oberdiek/kvdefinekeys.sty
Package: kvdefinekeys 2011/04/07 v1.3 Define keys (HO)
))
(/usr/share/texlive/texmf-dist/tex/latex/oberdiek/kvoptions.sty
Package: kvoptions 2011/06/30 v3.11 Key value format for package options (HO)

(/usr/share/texlive/texmf-dist/tex/generic/oberdiek/kvsetkeys.sty
Package: kvsetkeys 2012/04/25 v1.16 Key value parser (HO)

(/usr/share/texlive/texmf-dist/tex/generic/oberdiek/etexcmds.sty
Package: etexcmds 2011/02/16 v1.5 Avoid name clashes with e-TeX commands (HO)

(/usr/share/texlive/texmf-dist/tex/generic/oberdiek/ifluatex.sty
Package: ifluatex 2010/03/01 v1.3 Provides the ifluatex switch (HO)
Package ifluatex Info: LuaTeX not detected.
)
Package etexcmds Info: Could not find \expanded.
(etexcmds)             That can mean that you are not using pdfTeX 1.50 or
(etexcmds)             that some package has redefined \expanded.
(etexcmds)             In the latter case, load this package earlier.
)))
(/usr/share/texlive/texmf-dist/tex/generic/oberdiek/pdftexcmds.sty
Package: pdftexcmds 2011/11/29 v0.20 Utility functions of pdfTeX for LuaTeX (HO
)

(/usr/share/texlive/texmf-dist/tex/generic/oberdiek/ifpdf.sty
Package: ifpdf 2011/01/30 v2.3 Provides the ifpdf switch (HO)
Package ifpdf Info: pdfTeX in PDF mode is detected.
)
Package pdftexcmds Info: LuaTeX not detected.
Package pdftexcmds Info: \pdf@primitive is available.
Package pdftexcmds Info: \pdf@ifprimitive is available.
Package pdftexcmds Info: \pdfdraftmode found.
)
Package grfext Info: Graphics extension search list:
(grfext)             [.png,.pdf,.jpg,.mps,.jpeg,.jbig2,.jb2,.PNG,.PDF,.JPG,.JPE
G,.JBIG2,.JB2,.eps]
(grfext)             \AppendGraphicsExtensions on input line 452.

(/usr/share/texlive/texmf-dist/tex/latex/latexconfig/epstopdf-sys.cfg
File: epstopdf-sys.cfg 2010/07/13 v1.3 Configuration of (r)epstopdf for TeX Liv
e
)))
(/usr/share/texlive/texmf-dist/tex/latex/caption/caption.sty
Package: caption 2013/05/02 v3.3-89 Customizing captions (AR)

(/usr/share/texlive/texmf-dist/tex/latex/caption/caption3.sty
Package: caption3 2013/05/02 v1.6-88 caption3 kernel (AR)
Package caption3 Info: TeX engine: e-TeX on input line 57.
\captionmargin=\dimen157
\captionmargin@=\dimen158
\captionwidth=\dimen159
\caption@tempdima=\dimen160
\caption@indent=\dimen161
\caption@parindent=\dimen162
\caption@hangindent=\dimen163
)
\c@ContinuedFloat=\count121
Package caption Info: float package is loaded.
)
(/usr/share/texlive/texmf-dist/tex/latex/caption/subcaption.sty
Package: subcaption 2013/02/03 v1.1-62 Sub-captions (AR)
\c@subfigure=\count122
\c@subtable=\count123
)
(/usr/share/texlive/texmf-dist/tex/latex/base/fontenc.sty
Package: fontenc 2005/09/27 v1.99g Standard LaTeX package

(/usr/share/texlive/texmf-dist/tex/latex/base/t1enc.def
File: t1enc.def 2005/09/27 v1.99g Standard LaTeX file
LaTeX Font Info:    Redeclaring font encoding T1 on input line 43.
))
(/usr/share/texmf/tex/latex/lm/lmodern.sty
Package: lmodern 2009/10/30 v1.6 Latin Modern Fonts
LaTeX Font Info:    Overwriting symbol font `operators' in version `normal'
(Font)                  OT1/cmr/m/n --> OT1/lmr/m/n on input line 22.
LaTeX Font Info:    Overwriting symbol font `letters' in version `normal'
(Font)                  OML/cmm/m/it --> OML/lmm/m/it on input line 23.
LaTeX Font Info:    Overwriting symbol font `symbols' in version `normal'
(Font)                  OMS/cmsy/m/n --> OMS/lmsy/m/n on input line 24.
LaTeX Font Info:    Overwriting symbol font `largesymbols' in version `normal'
(Font)                  OMX/cmex/m/n --> OMX/lmex/m/n on input line 25.
LaTeX Font Info:    Overwriting symbol font `operators' in version `bold'
(Font)                  OT1/cmr/bx/n --> OT1/lmr/bx/n on input line 26.
LaTeX Font Info:    Overwriting symbol font `letters' in version `bold'
(Font)                  OML/cmm/b/it --> OML/lmm/b/it on input line 27.
LaTeX Font Info:    Overwriting symbol font `symbols' in version `bold'
(Font)                  OMS/cmsy/b/n --> OMS/lmsy/b/n on input line 28.
LaTeX Font Info:    Overwriting symbol font `largesymbols' in version `bold'
(Font)                  OMX/cmex/m/n --> OMX/lmex/m/n on input line 29.
LaTeX Font Info:    Overwriting math alphabet `\mathbf' in version `normal'
(Font)                  OT1/cmr/bx/n --> OT1/lmr/bx/n on input line 31.
LaTeX Font Info:    Overwriting math alphabet `\mathsf' in version `normal'
(Font)                  OT1/cmss/m/n --> OT1/lmss/m/n on input line 32.
LaTeX Font Info:    Overwriting math alphabet `\mathit' in version `normal'
(Font)                  OT1/cmr/m/it --> OT1/lmr/m/it on input line 33.
LaTeX Font Info:    Overwriting math alphabet `\mathtt' in version `normal'
(Font)                  OT1/cmtt/m/n --> OT1/lmtt/m/n on input line 34.
LaTeX Font Info:    Overwriting math alphabet `\mathbf' in version `bold'
(Font)                  OT1/cmr/bx/n --> OT1/lmr/bx/n on input line 35.
LaTeX Font Info:    Overwriting math alphabet `\mathsf' in version `bold'
(Font)                  OT1/cmss/bx/n --> OT1/lmss/bx/n on input line 36.
LaTeX Font Info:    Overwriting math alphabet `\mathit' in version `bold'
(Font)                  OT1/cmr/bx/it --> OT1/lmr/bx/it on input line 37.
LaTeX Font Info:    Overwriting math alphabet `\mathtt' in version `bold'
(Font)                  OT1/cmtt/m/n --> OT1/lmtt/m/n on input line 38.
)
(/usr/share/texlive/texmf-dist/tex/latex/carlisle/scalefnt.sty)
(/usr/share/texlive/texmf-dist/tex/latex/geometry/geometry.sty
Package: geometry 2010/09/12 v5.6 Page Geometry

(/usr/share/texlive/texmf-dist/tex/generic/oberdiek/ifvtex.sty
Package: ifvtex 2010/03/01 v1.5 Detect VTeX and its facilities (HO)
Package ifvtex Info: VTeX not detected.
)
(/usr/share/texlive/texmf-dist/tex/generic/ifxetex/ifxetex.sty
Package: ifxetex 2010/09/12 v0.6 Provides ifxetex conditional
)
\Gm@cnth=\count124
\Gm@cntv=\count125
\c@Gm@tempcnt=\count126
\Gm@bindingoffset=\dimen164
\Gm@wd@mp=\dimen165
\Gm@odd@mp=\dimen166
\Gm@even@mp=\dimen167
\Gm@layoutwidth=\dimen168
\Gm@layoutheight=\dimen169
\Gm@layouthoffset=\dimen170
\Gm@layoutvoffset=\dimen171
\Gm@dimlist=\toks31
)
(./report1_gen.aux)
\openout1 = `report1_gen.aux'.

LaTeX Font Info:    Checking defaults for OML/cmm/m/it on input line 31.
LaTeX Font Info:    ... okay on input line 31.
LaTeX Font Info:    Checking defaults for T1/cmr/m/n on input line 31.
LaTeX Font Info:    ... okay on input line 31.
LaTeX Font Info:    Checking defaults for OT1/cmr/m/n on input line 31.
LaTeX Font Info:    ... okay on input line 31.
LaTeX Font Info:    Checking defaults for OMS/cmsy/m/n on input line 31.
LaTeX Font Info:    ... okay on input line 31.
LaTeX Font Info:    Checking defaults for OMX/cmex/m/n on input line 31.
LaTeX Font Info:    ... okay on input line 31.
LaTeX Font Info:    Checking defaults for U/cmr/m/n on input line 31.
LaTeX Font Info:    ... okay on input line 31.
LaTeX Font Info:    Try loading font information for T1+lmr on input line 31.
 (/usr/share/texmf/tex/latex/lm/t1lmr.fd
File: t1lmr.fd 2009/10/30 v1.6 Font defs for Latin Modern
)
ABD: EveryShipout initializing macros
(/usr/share/texlive/texmf-dist/tex/context/base/supp-pdf.mkii
[Loading MPS to PDF converter (version 2006.09.02).]
\scratchcounter=\count127
\scratchdimen=\dimen172
\scratchbox=\box39
\nofMPsegments=\count128
\nofMParguments=\count129
\everyMPshowfont=\toks32
\MPscratchCnt=\count130
\MPscratchDim=\dimen173
\MPnumerator=\count131
\makeMPintoPDFobject=\count132
\everyMPtoPDFconversion=\toks33
)
Package caption Info: Begin \AtBeginDocument code.
Package caption Info: End \AtBeginDocument code.

*geometry* driver: auto-detecting
*geometry* detected driver: pdftex
*geometry* verbose mode - [ preamble ] result:
* driver: pdftex
* paper: a4paper
* layout: <same size as paper>
* layoutoffset:(h,v)=(0.0pt,0.0pt)
* modes: 
* h-part:(L,W,R)=(72.26999pt, 452.9679pt, 72.26999pt)
* v-part:(T,H,B)=(72.26999pt, 700.50687pt, 72.26999pt)
* \paperwidth=597.50787pt
* \paperheight=845.04684pt
* \textwidth=452.9679pt
* \textheight=700.50687pt
* \oddsidemargin=0.0pt
* \evensidemargin=0.0pt
* \topmargin=-37.0pt
* \headheight=12.0pt
* \headsep=25.0pt
* \topskip=11.0pt
* \footskip=30.0pt
* \marginparwidth=50.0pt
* \marginparsep=10.0pt
* \columnsep=10.0pt
* \skip\footins=10.0pt plus 4.0pt minus 2.0pt
* \hoffset=0.0pt
* \voffset=0.0pt
* \mag=1000
* \@twocolumnfalse
* \@twosidefalse
* \@mparswitchfalse
* \@reversemarginfalse
* (1in=72.27pt=25.4mm, 1cm=28.453pt)

Package epstopdf Info: Source file: <images/EBM/stage_6.eps>
(epstopdf)                    date: 2014-12-18 15:05:59
(epstopdf)                    size: 62387 bytes
(epstopdf)             Output file: <images/EBM/stage_6-eps-converted-to.pdf>
(epstopdf)                    date: 2014-12-18 15:01:22
(epstopdf)                    size: 30236 bytes
(epstopdf)             Command: <repstopdf --outfile=images/EBM/stage_6-eps-con
verted-to.pdf images/EBM/stage_6.eps>
(epstopdf)             \includegraphics on input line 225.
runsystem(repstopdf --outfile=images/EBM/stage_6-eps-converted-to.pdf images/EB
M/stage_6.eps)...executed safely (allowed).

Package epstopdf Info: Result file: <images/EBM/stage_6-eps-converted-to.pdf>
(epstopdf)                    date: 2014-12-18 15:06:00
(epstopdf)                    size: 30236 bytes.
<images/EBM/stage_6-eps-converted-to.pdf, id=4, 476.78125pt x 165.61874pt>
File: images/EBM/stage_6-eps-converted-to.pdf Graphic file (type pdf)

<use images/EBM/stage_6-eps-converted-to.pdf>
Package pdftex.def Info: images/EBM/stage_6-eps-converted-to.pdf used on input 
line 225.
(pdftex.def)             Requested size: 70.76474pt x 49.686pt.
Package epstopdf Info: Source file: <images/EBM/stage_6.eps>
(epstopdf)                    date: 2014-12-18 15:05:59
(epstopdf)                    size: 62387 bytes
(epstopdf)             Output file: <images/EBM/stage_6-eps-converted-to.pdf>
(epstopdf)                    date: 2014-12-18 15:06:00
(epstopdf)                    size: 30236 bytes
(epstopdf)             Command: <repstopdf --outfile=images/EBM/stage_6-eps-con
verted-to.pdf images/EBM/stage_6.eps>
(epstopdf)             \includegraphics on input line 226.
Package epstopdf Info: Output file is already uptodate.
File: images/EBM/stage_6-eps-converted-to.pdf Graphic file (type pdf)

<use images/EBM/stage_6-eps-converted-to.pdf>
Package pdftex.def Info: images/EBM/stage_6-eps-converted-to.pdf used on input 
line 226.
(pdftex.def)             Requested size: 70.76474pt x 49.686pt.
Package epstopdf Info: Source file: <images/EBM/stage_12.eps>
(epstopdf)                    date: 2014-12-18 15:05:59
(epstopdf)                    size: 62383 bytes
(epstopdf)             Output file: <images/EBM/stage_12-eps-converted-to.pdf>
(epstopdf)                    date: 2014-12-18 15:01:22
(epstopdf)                    size: 30250 bytes
(epstopdf)             Command: <repstopdf --outfile=images/EBM/stage_12-eps-co
nverted-to.pdf images/EBM/stage_12.eps>
(epstopdf)             \includegraphics on input line 248.
runsystem(repstopdf --outfile=images/EBM/stage_12-eps-converted-to.pdf images/E
BM/stage_12.eps)...executed safely (allowed).

Package epstopdf Info: Result file: <images/EBM/stage_12-eps-converted-to.pdf>
(epstopdf)                    date: 2014-12-18 15:06:00
(epstopdf)                    size: 30250 bytes.

<images/EBM/stage_12-eps-converted-to.pdf, id=7, 476.78125pt x 165.61874pt>
File: images/EBM/stage_12-eps-converted-to.pdf Graphic file (type pdf)

<use images/EBM/stage_12-eps-converted-to.pdf>
Package pdftex.def Info: images/EBM/stage_12-eps-converted-to.pdf used on input
 line 248.
(pdftex.def)             Requested size: 70.76474pt x 49.686pt.
Package epstopdf Info: Source file: <images/EBM/stage_12.eps>
(epstopdf)                    date: 2014-12-18 15:05:59
(epstopdf)                    size: 62383 bytes
(epstopdf)             Output file: <images/EBM/stage_12-eps-converted-to.pdf>
(epstopdf)                    date: 2014-12-18 15:06:00
(epstopdf)                    size: 30250 bytes
(epstopdf)             Command: <repstopdf --outfile=images/EBM/stage_12-eps-co
nverted-to.pdf images/EBM/stage_12.eps>
(epstopdf)             \includegraphics on input line 249.
Package epstopdf Info: Output file is already uptodate.
File: images/EBM/stage_12-eps-converted-to.pdf Graphic file (type pdf)

<use images/EBM/stage_12-eps-converted-to.pdf>
Package pdftex.def Info: images/EBM/stage_12-eps-converted-to.pdf used on input
 line 249.
(pdftex.def)             Requested size: 70.76474pt x 49.686pt.
Package epstopdf Info: Source file: <images/EBM/stage_18.eps>
(epstopdf)                    date: 2014-12-18 15:05:59
(epstopdf)                    size: 62381 bytes
(epstopdf)             Output file: <images/EBM/stage_18-eps-converted-to.pdf>
(epstopdf)                    date: 2014-12-18 15:01:22
(epstopdf)                    size: 30252 bytes
(epstopdf)             Command: <repstopdf --outfile=images/EBM/stage_18-eps-co
nverted-to.pdf images/EBM/stage_18.eps>
(epstopdf)             \includegraphics on input line 271.
runsystem(repstopdf --outfile=images/EBM/stage_18-eps-converted-to.pdf images/E
BM/stage_18.eps)...executed safely (allowed).

Package epstopdf Info: Result file: <images/EBM/stage_18-eps-converted-to.pdf>
(epstopdf)                    date: 2014-12-18 15:06:00
(epstopdf)                    size: 30252 bytes.

<images/EBM/stage_18-eps-converted-to.pdf, id=10, 476.78125pt x 165.61874pt>
File: images/EBM/stage_18-eps-converted-to.pdf Graphic file (type pdf)

<use images/EBM/stage_18-eps-converted-to.pdf>
Package pdftex.def Info: images/EBM/stage_18-eps-converted-to.pdf used on input
 line 271.
(pdftex.def)             Requested size: 70.76474pt x 49.686pt.
Package epstopdf Info: Source file: <images/EBM/stage_18.eps>
(epstopdf)                    date: 2014-12-18 15:05:59
(epstopdf)                    size: 62381 bytes
(epstopdf)             Output file: <images/EBM/stage_18-eps-converted-to.pdf>
(epstopdf)                    date: 2014-12-18 15:06:00
(epstopdf)                    size: 30252 bytes
(epstopdf)             Command: <repstopdf --outfile=images/EBM/stage_18-eps-co
nverted-to.pdf images/EBM/stage_18.eps>
(epstopdf)             \includegraphics on input line 272.
Package epstopdf Info: Output file is already uptodate.
File: images/EBM/stage_18-eps-converted-to.pdf Graphic file (type pdf)

<use images/EBM/stage_18-eps-converted-to.pdf>
Package pdftex.def Info: images/EBM/stage_18-eps-converted-to.pdf used on input
 line 272.
(pdftex.def)             Requested size: 70.76474pt x 49.686pt.
Package epstopdf Info: Source file: <images/EBM/stage_24.eps>
(epstopdf)                    date: 2014-12-18 15:05:59
(epstopdf)                    size: 62370 bytes
(epstopdf)             Output file: <images/EBM/stage_24-eps-converted-to.pdf>
(epstopdf)                    date: 2014-12-18 15:01:22
(epstopdf)                    size: 30294 bytes
(epstopdf)             Command: <repstopdf --outfile=images/EBM/stage_24-eps-co
nverted-to.pdf images/EBM/stage_24.eps>
(epstopdf)             \includegraphics on input line 294.
runsystem(repstopdf --outfile=images/EBM/stage_24-eps-converted-to.pdf images/E
BM/stage_24.eps)...executed safely (allowed).

Package epstopdf Info: Result file: <images/EBM/stage_24-eps-converted-to.pdf>
(epstopdf)                    date: 2014-12-18 15:06:00
(epstopdf)                    size: 30294 bytes.

<images/EBM/stage_24-eps-converted-to.pdf, id=13, 476.78125pt x 165.61874pt>
File: images/EBM/stage_24-eps-converted-to.pdf Graphic file (type pdf)

<use images/EBM/stage_24-eps-converted-to.pdf>
Package pdftex.def Info: images/EBM/stage_24-eps-converted-to.pdf used on input
 line 294.
(pdftex.def)             Requested size: 70.76474pt x 49.686pt.
Package epstopdf Info: Source file: <images/EBM/stage_24.eps>
(epstopdf)                    date: 2014-12-18 15:05:59
(epstopdf)                    size: 62370 bytes
(epstopdf)             Output file: <images/EBM/stage_24-eps-converted-to.pdf>
(epstopdf)                    date: 2014-12-18 15:06:00
(epstopdf)                    size: 30294 bytes
(epstopdf)             Command: <repstopdf --outfile=images/EBM/stage_24-eps-co
nverted-to.pdf images/EBM/stage_24.eps>
(epstopdf)             \includegraphics on input line 295.
Package epstopdf Info: Output file is already uptodate.
File: images/EBM/stage_24-eps-converted-to.pdf Graphic file (type pdf)

<use images/EBM/stage_24-eps-converted-to.pdf>
Package pdftex.def Info: images/EBM/stage_24-eps-converted-to.pdf used on input
 line 295.
(pdftex.def)             Requested size: 70.76474pt x 49.686pt.
Package epstopdf Info: Source file: <images/EBM/stage_36.eps>
(epstopdf)                    date: 2014-12-18 15:05:59
(epstopdf)                    size: 62356 bytes
(epstopdf)             Output file: <images/EBM/stage_36-eps-converted-to.pdf>
(epstopdf)                    date: 2014-12-18 15:01:23
(epstopdf)                    size: 30314 bytes
(epstopdf)             Command: <repstopdf --outfile=images/EBM/stage_36-eps-co
nverted-to.pdf images/EBM/stage_36.eps>
(epstopdf)             \includegraphics on input line 317.
runsystem(repstopdf --outfile=images/EBM/stage_36-eps-converted-to.pdf images/E
BM/stage_36.eps)...executed safely (allowed).

Package epstopdf Info: Result file: <images/EBM/stage_36-eps-converted-to.pdf>
(epstopdf)                    date: 2014-12-18 15:06:00
(epstopdf)                    size: 30314 bytes.

<images/EBM/stage_36-eps-converted-to.pdf, id=16, 476.78125pt x 165.61874pt>
File: images/EBM/stage_36-eps-converted-to.pdf Graphic file (type pdf)

<use images/EBM/stage_36-eps-converted-to.pdf>
Package pdftex.def Info: images/EBM/stage_36-eps-converted-to.pdf used on input
 line 317.
(pdftex.def)             Requested size: 70.76474pt x 49.686pt.
Package epstopdf Info: Source file: <images/EBM/stage_36.eps>
(epstopdf)                    date: 2014-12-18 15:05:59
(epstopdf)                    size: 62356 bytes
(epstopdf)             Output file: <images/EBM/stage_36-eps-converted-to.pdf>
(epstopdf)                    date: 2014-12-18 15:06:00
(epstopdf)                    size: 30314 bytes
(epstopdf)             Command: <repstopdf --outfile=images/EBM/stage_36-eps-co
nverted-to.pdf images/EBM/stage_36.eps>
(epstopdf)             \includegraphics on input line 318.
Package epstopdf Info: Output file is already uptodate.
File: images/EBM/stage_36-eps-converted-to.pdf Graphic file (type pdf)

<use images/EBM/stage_36-eps-converted-to.pdf>
Package pdftex.def Info: images/EBM/stage_36-eps-converted-to.pdf used on input
 line 318.
(pdftex.def)             Requested size: 70.76474pt x 49.686pt.
Package epstopdf Info: Source file: <images/GMM/stage_6.eps>
(epstopdf)                    date: 2014-12-18 15:05:59
(epstopdf)                    size: 62387 bytes
(epstopdf)             Output file: <images/GMM/stage_6-eps-converted-to.pdf>
(epstopdf)                    date: 2014-12-18 15:01:23
(epstopdf)                    size: 30242 bytes
(epstopdf)             Command: <repstopdf --outfile=images/GMM/stage_6-eps-con
verted-to.pdf images/GMM/stage_6.eps>
(epstopdf)             \includegraphics on input line 353.
runsystem(repstopdf --outfile=images/GMM/stage_6-eps-converted-to.pdf images/GM
M/stage_6.eps)...executed safely (allowed).

Package epstopdf Info: Result file: <images/GMM/stage_6-eps-converted-to.pdf>
(epstopdf)                    date: 2014-12-18 15:06:00
(epstopdf)                    size: 30242 bytes.

<images/GMM/stage_6-eps-converted-to.pdf, id=20, 476.78125pt x 165.61874pt>
File: images/GMM/stage_6-eps-converted-to.pdf Graphic file (type pdf)

<use images/GMM/stage_6-eps-converted-to.pdf>
Package pdftex.def Info: images/GMM/stage_6-eps-converted-to.pdf used on input 
line 353.
(pdftex.def)             Requested size: 70.76474pt x 49.686pt.
Package epstopdf Info: Source file: <images/GMM/stage_6.eps>
(epstopdf)                    date: 2014-12-18 15:05:59
(epstopdf)                    size: 62387 bytes
(epstopdf)             Output file: <images/GMM/stage_6-eps-converted-to.pdf>
(epstopdf)                    date: 2014-12-18 15:06:00
(epstopdf)                    size: 30242 bytes
(epstopdf)             Command: <repstopdf --outfile=images/GMM/stage_6-eps-con
verted-to.pdf images/GMM/stage_6.eps>
(epstopdf)             \includegraphics on input line 354.
Package epstopdf Info: Output file is already uptodate.
File: images/GMM/stage_6-eps-converted-to.pdf Graphic file (type pdf)

<use images/GMM/stage_6-eps-converted-to.pdf>
Package pdftex.def Info: images/GMM/stage_6-eps-converted-to.pdf used on input 
line 354.
(pdftex.def)             Requested size: 70.76474pt x 49.686pt.
Package epstopdf Info: Source file: <images/GMM/stage_12.eps>
(epstopdf)                    date: 2014-12-18 15:05:59
(epstopdf)                    size: 62383 bytes
(epstopdf)             Output file: <images/GMM/stage_12-eps-converted-to.pdf>
(epstopdf)                    date: 2014-12-18 15:01:23
(epstopdf)                    size: 30279 bytes
(epstopdf)             Command: <repstopdf --outfile=images/GMM/stage_12-eps-co
nverted-to.pdf images/GMM/stage_12.eps>
(epstopdf)             \includegraphics on input line 376.
runsystem(repstopdf --outfile=images/GMM/stage_12-eps-converted-to.pdf images/G
MM/stage_12.eps)...executed safely (allowed).

Package epstopdf Info: Result file: <images/GMM/stage_12-eps-converted-to.pdf>
(epstopdf)                    date: 2014-12-18 15:06:00
(epstopdf)                    size: 30279 bytes.

<images/GMM/stage_12-eps-converted-to.pdf, id=23, 476.78125pt x 165.61874pt>
File: images/GMM/stage_12-eps-converted-to.pdf Graphic file (type pdf)

<use images/GMM/stage_12-eps-converted-to.pdf>
Package pdftex.def Info: images/GMM/stage_12-eps-converted-to.pdf used on input
 line 376.
(pdftex.def)             Requested size: 70.76474pt x 49.686pt.
Package epstopdf Info: Source file: <images/GMM/stage_12.eps>
(epstopdf)                    date: 2014-12-18 15:05:59
(epstopdf)                    size: 62383 bytes
(epstopdf)             Output file: <images/GMM/stage_12-eps-converted-to.pdf>
(epstopdf)                    date: 2014-12-18 15:06:00
(epstopdf)                    size: 30279 bytes
(epstopdf)             Command: <repstopdf --outfile=images/GMM/stage_12-eps-co
nverted-to.pdf images/GMM/stage_12.eps>
(epstopdf)             \includegraphics on input line 377.
Package epstopdf Info: Output file is already uptodate.
File: images/GMM/stage_12-eps-converted-to.pdf Graphic file (type pdf)

<use images/GMM/stage_12-eps-converted-to.pdf>
Package pdftex.def Info: images/GMM/stage_12-eps-converted-to.pdf used on input
 line 377.
(pdftex.def)             Requested size: 70.76474pt x 49.686pt.
Package epstopdf Info: Source file: <images/GMM/stage_18.eps>
(epstopdf)                    date: 2014-12-18 15:05:59
(epstopdf)                    size: 62381 bytes
(epstopdf)             Output file: <images/GMM/stage_18-eps-converted-to.pdf>
(epstopdf)                    date: 2014-12-18 15:01:23
(epstopdf)                    size: 30289 bytes
(epstopdf)             Command: <repstopdf --outfile=images/GMM/stage_18-eps-co
nverted-to.pdf images/GMM/stage_18.eps>
(epstopdf)             \includegraphics on input line 399.
runsystem(repstopdf --outfile=images/GMM/stage_18-eps-converted-to.pdf images/G
MM/stage_18.eps)...executed safely (allowed).

Package epstopdf Info: Result file: <images/GMM/stage_18-eps-converted-to.pdf>
(epstopdf)                    date: 2014-12-18 15:06:01
(epstopdf)                    size: 30289 bytes.

<images/GMM/stage_18-eps-converted-to.pdf, id=26, 476.78125pt x 165.61874pt>
File: images/GMM/stage_18-eps-converted-to.pdf Graphic file (type pdf)

<use images/GMM/stage_18-eps-converted-to.pdf>
Package pdftex.def Info: images/GMM/stage_18-eps-converted-to.pdf used on input
 line 399.
(pdftex.def)             Requested size: 70.76474pt x 49.686pt.
Package epstopdf Info: Source file: <images/GMM/stage_18.eps>
(epstopdf)                    date: 2014-12-18 15:05:59
(epstopdf)                    size: 62381 bytes
(epstopdf)             Output file: <images/GMM/stage_18-eps-converted-to.pdf>
(epstopdf)                    date: 2014-12-18 15:06:01
(epstopdf)                    size: 30289 bytes
(epstopdf)             Command: <repstopdf --outfile=images/GMM/stage_18-eps-co
nverted-to.pdf images/GMM/stage_18.eps>
(epstopdf)             \includegraphics on input line 400.
Package epstopdf Info: Output file is already uptodate.
File: images/GMM/stage_18-eps-converted-to.pdf Graphic file (type pdf)

<use images/GMM/stage_18-eps-converted-to.pdf>
Package pdftex.def Info: images/GMM/stage_18-eps-converted-to.pdf used on input
 line 400.
(pdftex.def)             Requested size: 70.76474pt x 49.686pt.
Package epstopdf Info: Source file: <images/GMM/stage_24.eps>
(epstopdf)                    date: 2014-12-18 15:05:59
(epstopdf)                    size: 62380 bytes
(epstopdf)             Output file: <images/GMM/stage_24-eps-converted-to.pdf>
(epstopdf)                    date: 2014-12-18 15:01:23
(epstopdf)                    size: 30328 bytes
(epstopdf)             Command: <repstopdf --outfile=images/GMM/stage_24-eps-co
nverted-to.pdf images/GMM/stage_24.eps>
(epstopdf)             \includegraphics on input line 422.
runsystem(repstopdf --outfile=images/GMM/stage_24-eps-converted-to.pdf images/G
MM/stage_24.eps)...executed safely (allowed).

Package epstopdf Info: Result file: <images/GMM/stage_24-eps-converted-to.pdf>
(epstopdf)                    date: 2014-12-18 15:06:01
(epstopdf)                    size: 30328 bytes.

<images/GMM/stage_24-eps-converted-to.pdf, id=29, 476.78125pt x 165.61874pt>
File: images/GMM/stage_24-eps-converted-to.pdf Graphic file (type pdf)

<use images/GMM/stage_24-eps-converted-to.pdf>
Package pdftex.def Info: images/GMM/stage_24-eps-converted-to.pdf used on input
 line 422.
(pdftex.def)             Requested size: 70.76474pt x 49.686pt.
Package epstopdf Info: Source file: <images/GMM/stage_24.eps>
(epstopdf)                    date: 2014-12-18 15:05:59
(epstopdf)                    size: 62380 bytes
(epstopdf)             Output file: <images/GMM/stage_24-eps-converted-to.pdf>
(epstopdf)                    date: 2014-12-18 15:06:01
(epstopdf)                    size: 30328 bytes
(epstopdf)             Command: <repstopdf --outfile=images/GMM/stage_24-eps-co
nverted-to.pdf images/GMM/stage_24.eps>
(epstopdf)             \includegraphics on input line 423.
Package epstopdf Info: Output file is already uptodate.
File: images/GMM/stage_24-eps-converted-to.pdf Graphic file (type pdf)

<use images/GMM/stage_24-eps-converted-to.pdf>
Package pdftex.def Info: images/GMM/stage_24-eps-converted-to.pdf used on input
 line 423.
(pdftex.def)             Requested size: 70.76474pt x 49.686pt.
Package epstopdf Info: Source file: <images/GMM/stage_36.eps>
(epstopdf)                    date: 2014-12-18 15:05:59
(epstopdf)                    size: 62367 bytes
(epstopdf)             Output file: <images/GMM/stage_36-eps-converted-to.pdf>
(epstopdf)                    date: 2014-12-18 15:01:23
(epstopdf)                    size: 30330 bytes
(epstopdf)             Command: <repstopdf --outfile=images/GMM/stage_36-eps-co
nverted-to.pdf images/GMM/stage_36.eps>
(epstopdf)             \includegraphics on input line 445.
runsystem(repstopdf --outfile=images/GMM/stage_36-eps-converted-to.pdf images/G
MM/stage_36.eps)...executed safely (allowed).

Package epstopdf Info: Result file: <images/GMM/stage_36-eps-converted-to.pdf>
(epstopdf)                    date: 2014-12-18 15:06:01
(epstopdf)                    size: 30330 bytes.

<images/GMM/stage_36-eps-converted-to.pdf, id=32, 476.78125pt x 165.61874pt>
File: images/GMM/stage_36-eps-converted-to.pdf Graphic file (type pdf)

<use images/GMM/stage_36-eps-converted-to.pdf>
Package pdftex.def Info: images/GMM/stage_36-eps-converted-to.pdf used on input
 line 445.
(pdftex.def)             Requested size: 70.76474pt x 49.686pt.
Package epstopdf Info: Source file: <images/GMM/stage_36.eps>
(epstopdf)                    date: 2014-12-18 15:05:59
(epstopdf)                    size: 62367 bytes
(epstopdf)             Output file: <images/GMM/stage_36-eps-converted-to.pdf>
(epstopdf)                    date: 2014-12-18 15:06:01
(epstopdf)                    size: 30330 bytes
(epstopdf)             Command: <repstopdf --outfile=images/GMM/stage_36-eps-co
nverted-to.pdf images/GMM/stage_36.eps>
(epstopdf)             \includegraphics on input line 446.
Package epstopdf Info: Output file is already uptodate.
File: images/GMM/stage_36-eps-converted-to.pdf Graphic file (type pdf)

<use images/GMM/stage_36-eps-converted-to.pdf>
Package pdftex.def Info: images/GMM/stage_36-eps-converted-to.pdf used on input
 line 446.
(pdftex.def)             Requested size: 70.76474pt x 49.686pt.
Package epstopdf Info: Source file: <images/cluster1/stage_6.eps>
(epstopdf)                    date: 2014-12-18 15:05:59
(epstopdf)                    size: 62387 bytes
(epstopdf)             Output file: <images/cluster1/stage_6-eps-converted-to.p
df>
(epstopdf)                    date: 2014-12-18 15:01:24
(epstopdf)                    size: 30261 bytes
(epstopdf)             Command: <repstopdf --outfile=images/cluster1/stage_6-ep
s-converted-to.pdf images/cluster1/stage_6.eps>
(epstopdf)             \includegraphics on input line 481.
runsystem(repstopdf --outfile=images/cluster1/stage_6-eps-converted-to.pdf imag
es/cluster1/stage_6.eps)...executed safely (allowed).

Package epstopdf Info: Result file: <images/cluster1/stage_6-eps-converted-to.p
df>
(epstopdf)                    date: 2014-12-18 15:06:01
(epstopdf)                    size: 30261 bytes.

<images/cluster1/stage_6-eps-converted-to.pdf, id=35, 476.78125pt x 165.61874pt
>
File: images/cluster1/stage_6-eps-converted-to.pdf Graphic file (type pdf)
 <use images/cluster1/stage_6-eps-converted-to.pdf>
Package pdftex.def Info: images/cluster1/stage_6-eps-converted-to.pdf used on i
nput line 481.
(pdftex.def)             Requested size: 70.76474pt x 49.686pt.
Package epstopdf Info: Source file: <images/cluster1/stage_6.eps>
(epstopdf)                    date: 2014-12-18 15:05:59
(epstopdf)                    size: 62387 bytes
(epstopdf)             Output file: <images/cluster1/stage_6-eps-converted-to.p
df>
(epstopdf)                    date: 2014-12-18 15:06:01
(epstopdf)                    size: 30261 bytes
(epstopdf)             Command: <repstopdf --outfile=images/cluster1/stage_6-ep
s-converted-to.pdf images/cluster1/stage_6.eps>
(epstopdf)             \includegraphics on input line 482.
Package epstopdf Info: Output file is already uptodate.
File: images/cluster1/stage_6-eps-converted-to.pdf Graphic file (type pdf)

<use images/cluster1/stage_6-eps-converted-to.pdf>
Package pdftex.def Info: images/cluster1/stage_6-eps-converted-to.pdf used on i
nput line 482.
(pdftex.def)             Requested size: 70.76474pt x 49.686pt.
Package epstopdf Info: Source file: <images/cluster1/stage_12.eps>
(epstopdf)                    date: 2014-12-18 15:05:59
(epstopdf)                    size: 62385 bytes
(epstopdf)             Output file: <images/cluster1/stage_12-eps-converted-to.
pdf>
(epstopdf)                    date: 2014-12-18 15:01:24
(epstopdf)                    size: 30289 bytes
(epstopdf)             Command: <repstopdf --outfile=images/cluster1/stage_12-e
ps-converted-to.pdf images/cluster1/stage_12.eps>
(epstopdf)             \includegraphics on input line 504.
runsystem(repstopdf --outfile=images/cluster1/stage_12-eps-converted-to.pdf ima
ges/cluster1/stage_12.eps)...executed safely (allowed).

Package epstopdf Info: Result file: <images/cluster1/stage_12-eps-converted-to.
pdf>
(epstopdf)                    date: 2014-12-18 15:06:01
(epstopdf)                    size: 30289 bytes.

<images/cluster1/stage_12-eps-converted-to.pdf, id=38, 476.78125pt x 165.61874p
t>
File: images/cluster1/stage_12-eps-converted-to.pdf Graphic file (type pdf)
 <use images/cluster1/stage_12-eps-converted-to.pdf>
Package pdftex.def Info: images/cluster1/stage_12-eps-converted-to.pdf used on 
input line 504.
(pdftex.def)             Requested size: 70.76474pt x 49.686pt.
Package epstopdf Info: Source file: <images/cluster1/stage_12.eps>
(epstopdf)                    date: 2014-12-18 15:05:59
(epstopdf)                    size: 62385 bytes
(epstopdf)             Output file: <images/cluster1/stage_12-eps-converted-to.
pdf>
(epstopdf)                    date: 2014-12-18 15:06:01
(epstopdf)                    size: 30289 bytes
(epstopdf)             Command: <repstopdf --outfile=images/cluster1/stage_12-e
ps-converted-to.pdf images/cluster1/stage_12.eps>
(epstopdf)             \includegraphics on input line 505.
Package epstopdf Info: Output file is already uptodate.
File: images/cluster1/stage_12-eps-converted-to.pdf Graphic file (type pdf)

<use images/cluster1/stage_12-eps-converted-to.pdf>
Package pdftex.def Info: images/cluster1/stage_12-eps-converted-to.pdf used on 
input line 505.
(pdftex.def)             Requested size: 70.76474pt x 49.686pt.
Package epstopdf Info: Source file: <images/cluster1/stage_18.eps>
(epstopdf)                    date: 2014-12-18 15:05:59
(epstopdf)                    size: 62371 bytes
(epstopdf)             Output file: <images/cluster1/stage_18-eps-converted-to.
pdf>
(epstopdf)                    date: 2014-12-18 15:01:24
(epstopdf)                    size: 30299 bytes
(epstopdf)             Command: <repstopdf --outfile=images/cluster1/stage_18-e
ps-converted-to.pdf images/cluster1/stage_18.eps>
(epstopdf)             \includegraphics on input line 527.
runsystem(repstopdf --outfile=images/cluster1/stage_18-eps-converted-to.pdf ima
ges/cluster1/stage_18.eps)...executed safely (allowed).

Package epstopdf Info: Result file: <images/cluster1/stage_18-eps-converted-to.
pdf>
(epstopdf)                    date: 2014-12-18 15:06:01
(epstopdf)                    size: 30299 bytes.

<images/cluster1/stage_18-eps-converted-to.pdf, id=41, 476.78125pt x 165.61874p
t>
File: images/cluster1/stage_18-eps-converted-to.pdf Graphic file (type pdf)
 <use images/cluster1/stage_18-eps-converted-to.pdf>
Package pdftex.def Info: images/cluster1/stage_18-eps-converted-to.pdf used on 
input line 527.
(pdftex.def)             Requested size: 70.76474pt x 49.686pt.
Package epstopdf Info: Source file: <images/cluster1/stage_18.eps>
(epstopdf)                    date: 2014-12-18 15:05:59
(epstopdf)                    size: 62371 bytes
(epstopdf)             Output file: <images/cluster1/stage_18-eps-converted-to.
pdf>
(epstopdf)                    date: 2014-12-18 15:06:01
(epstopdf)                    size: 30299 bytes
(epstopdf)             Command: <repstopdf --outfile=images/cluster1/stage_18-e
ps-converted-to.pdf images/cluster1/stage_18.eps>
(epstopdf)             \includegraphics on input line 528.
Package epstopdf Info: Output file is already uptodate.
File: images/cluster1/stage_18-eps-converted-to.pdf Graphic file (type pdf)

<use images/cluster1/stage_18-eps-converted-to.pdf>
Package pdftex.def Info: images/cluster1/stage_18-eps-converted-to.pdf used on 
input line 528.
(pdftex.def)             Requested size: 70.76474pt x 49.686pt.
Package epstopdf Info: Source file: <images/cluster1/stage_24.eps>
(epstopdf)                    date: 2014-12-18 15:05:59
(epstopdf)                    size: 62360 bytes
(epstopdf)             Output file: <images/cluster1/stage_24-eps-converted-to.
pdf>
(epstopdf)                    date: 2014-12-18 15:01:24
(epstopdf)                    size: 30302 bytes
(epstopdf)             Command: <repstopdf --outfile=images/cluster1/stage_24-e
ps-converted-to.pdf images/cluster1/stage_24.eps>
(epstopdf)             \includegraphics on input line 550.
runsystem(repstopdf --outfile=images/cluster1/stage_24-eps-converted-to.pdf ima
ges/cluster1/stage_24.eps)...executed safely (allowed).

Package epstopdf Info: Result file: <images/cluster1/stage_24-eps-converted-to.
pdf>
(epstopdf)                    date: 2014-12-18 15:06:02
(epstopdf)                    size: 30302 bytes.

<images/cluster1/stage_24-eps-converted-to.pdf, id=44, 476.78125pt x 165.61874p
t>
File: images/cluster1/stage_24-eps-converted-to.pdf Graphic file (type pdf)
 <use images/cluster1/stage_24-eps-converted-to.pdf>
Package pdftex.def Info: images/cluster1/stage_24-eps-converted-to.pdf used on 
input line 550.
(pdftex.def)             Requested size: 70.76474pt x 49.686pt.
Package epstopdf Info: Source file: <images/cluster1/stage_24.eps>
(epstopdf)                    date: 2014-12-18 15:05:59
(epstopdf)                    size: 62360 bytes
(epstopdf)             Output file: <images/cluster1/stage_24-eps-converted-to.
pdf>
(epstopdf)                    date: 2014-12-18 15:06:02
(epstopdf)                    size: 30302 bytes
(epstopdf)             Command: <repstopdf --outfile=images/cluster1/stage_24-e
ps-converted-to.pdf images/cluster1/stage_24.eps>
(epstopdf)             \includegraphics on input line 551.
Package epstopdf Info: Output file is already uptodate.
File: images/cluster1/stage_24-eps-converted-to.pdf Graphic file (type pdf)

<use images/cluster1/stage_24-eps-converted-to.pdf>
Package pdftex.def Info: images/cluster1/stage_24-eps-converted-to.pdf used on 
input line 551.
(pdftex.def)             Requested size: 70.76474pt x 49.686pt.
Package epstopdf Info: Source file: <images/cluster1/stage_36.eps>
(epstopdf)                    date: 2014-12-18 15:05:59
(epstopdf)                    size: 62345 bytes
(epstopdf)             Output file: <images/cluster1/stage_36-eps-converted-to.
pdf>
(epstopdf)                    date: 2014-12-18 15:01:24
(epstopdf)                    size: 30236 bytes
(epstopdf)             Command: <repstopdf --outfile=images/cluster1/stage_36-e
ps-converted-to.pdf images/cluster1/stage_36.eps>
(epstopdf)             \includegraphics on input line 573.
runsystem(repstopdf --outfile=images/cluster1/stage_36-eps-converted-to.pdf ima
ges/cluster1/stage_36.eps)...executed safely (allowed).

Package epstopdf Info: Result file: <images/cluster1/stage_36-eps-converted-to.
pdf>
(epstopdf)                    date: 2014-12-18 15:06:02
(epstopdf)                    size: 30236 bytes.

<images/cluster1/stage_36-eps-converted-to.pdf, id=47, 476.78125pt x 165.61874p
t>
File: images/cluster1/stage_36-eps-converted-to.pdf Graphic file (type pdf)
 <use images/cluster1/stage_36-eps-converted-to.pdf>
Package pdftex.def Info: images/cluster1/stage_36-eps-converted-to.pdf used on 
input line 573.
(pdftex.def)             Requested size: 70.76474pt x 49.686pt.
Package epstopdf Info: Source file: <images/cluster1/stage_36.eps>
(epstopdf)                    date: 2014-12-18 15:05:59
(epstopdf)                    size: 62345 bytes
(epstopdf)             Output file: <images/cluster1/stage_36-eps-converted-to.
pdf>
(epstopdf)                    date: 2014-12-18 15:06:02
(epstopdf)                    size: 30236 bytes
(epstopdf)             Command: <repstopdf --outfile=images/cluster1/stage_36-e
ps-converted-to.pdf images/cluster1/stage_36.eps>
(epstopdf)             \includegraphics on input line 574.
Package epstopdf Info: Output file is already uptodate.
File: images/cluster1/stage_36-eps-converted-to.pdf Graphic file (type pdf)

<use images/cluster1/stage_36-eps-converted-to.pdf>
Package pdftex.def Info: images/cluster1/stage_36-eps-converted-to.pdf used on 
input line 574.
(pdftex.def)             Requested size: 70.76474pt x 49.686pt.
Package epstopdf Info: Source file: <images/cluster2/stage_6.eps>
(epstopdf)                    date: 2014-12-18 15:05:59
(epstopdf)                    size: 62387 bytes
(epstopdf)             Output file: <images/cluster2/stage_6-eps-converted-to.p
df>
(epstopdf)                    date: 2014-12-18 15:01:24
(epstopdf)                    size: 30272 bytes
(epstopdf)             Command: <repstopdf --outfile=images/cluster2/stage_6-ep
s-converted-to.pdf images/cluster2/stage_6.eps>
(epstopdf)             \includegraphics on input line 609.
runsystem(repstopdf --outfile=images/cluster2/stage_6-eps-converted-to.pdf imag
es/cluster2/stage_6.eps)...executed safely (allowed).

Package epstopdf Info: Result file: <images/cluster2/stage_6-eps-converted-to.p
df>
(epstopdf)                    date: 2014-12-18 15:06:02
(epstopdf)                    size: 30272 bytes.

<images/cluster2/stage_6-eps-converted-to.pdf, id=50, 476.78125pt x 165.61874pt
>
File: images/cluster2/stage_6-eps-converted-to.pdf Graphic file (type pdf)
 <use images/cluster2/stage_6-eps-converted-to.pdf>
Package pdftex.def Info: images/cluster2/stage_6-eps-converted-to.pdf used on i
nput line 609.
(pdftex.def)             Requested size: 70.76474pt x 49.686pt.
Package epstopdf Info: Source file: <images/cluster2/stage_6.eps>
(epstopdf)                    date: 2014-12-18 15:05:59
(epstopdf)                    size: 62387 bytes
(epstopdf)             Output file: <images/cluster2/stage_6-eps-converted-to.p
df>
(epstopdf)                    date: 2014-12-18 15:06:02
(epstopdf)                    size: 30272 bytes
(epstopdf)             Command: <repstopdf --outfile=images/cluster2/stage_6-ep
s-converted-to.pdf images/cluster2/stage_6.eps>
(epstopdf)             \includegraphics on input line 610.
Package epstopdf Info: Output file is already uptodate.
File: images/cluster2/stage_6-eps-converted-to.pdf Graphic file (type pdf)

<use images/cluster2/stage_6-eps-converted-to.pdf>
Package pdftex.def Info: images/cluster2/stage_6-eps-converted-to.pdf used on i
nput line 610.
(pdftex.def)             Requested size: 70.76474pt x 49.686pt.
Package epstopdf Info: Source file: <images/cluster2/stage_12.eps>
(epstopdf)                    date: 2014-12-18 15:05:59
(epstopdf)                    size: 62385 bytes
(epstopdf)             Output file: <images/cluster2/stage_12-eps-converted-to.
pdf>
(epstopdf)                    date: 2014-12-18 15:01:25
(epstopdf)                    size: 30309 bytes
(epstopdf)             Command: <repstopdf --outfile=images/cluster2/stage_12-e
ps-converted-to.pdf images/cluster2/stage_12.eps>
(epstopdf)             \includegraphics on input line 632.
runsystem(repstopdf --outfile=images/cluster2/stage_12-eps-converted-to.pdf ima
ges/cluster2/stage_12.eps)...executed safely (allowed).

Package epstopdf Info: Result file: <images/cluster2/stage_12-eps-converted-to.
pdf>
(epstopdf)                    date: 2014-12-18 15:06:02
(epstopdf)                    size: 30309 bytes.

<images/cluster2/stage_12-eps-converted-to.pdf, id=53, 476.78125pt x 165.61874p
t>
File: images/cluster2/stage_12-eps-converted-to.pdf Graphic file (type pdf)
 <use images/cluster2/stage_12-eps-converted-to.pdf>
Package pdftex.def Info: images/cluster2/stage_12-eps-converted-to.pdf used on 
input line 632.
(pdftex.def)             Requested size: 70.76474pt x 49.686pt.
Package epstopdf Info: Source file: <images/cluster2/stage_12.eps>
(epstopdf)                    date: 2014-12-18 15:05:59
(epstopdf)                    size: 62385 bytes
(epstopdf)             Output file: <images/cluster2/stage_12-eps-converted-to.
pdf>
(epstopdf)                    date: 2014-12-18 15:06:02
(epstopdf)                    size: 30309 bytes
(epstopdf)             Command: <repstopdf --outfile=images/cluster2/stage_12-e
ps-converted-to.pdf images/cluster2/stage_12.eps>
(epstopdf)             \includegraphics on input line 633.
Package epstopdf Info: Output file is already uptodate.
File: images/cluster2/stage_12-eps-converted-to.pdf Graphic file (type pdf)

<use images/cluster2/stage_12-eps-converted-to.pdf>
Package pdftex.def Info: images/cluster2/stage_12-eps-converted-to.pdf used on 
input line 633.
(pdftex.def)             Requested size: 70.76474pt x 49.686pt.
Package epstopdf Info: Source file: <images/cluster2/stage_18.eps>
(epstopdf)                    date: 2014-12-18 15:05:59
(epstopdf)                    size: 62380 bytes
(epstopdf)             Output file: <images/cluster2/stage_18-eps-converted-to.
pdf>
(epstopdf)                    date: 2014-12-18 15:01:25
(epstopdf)                    size: 30340 bytes
(epstopdf)             Command: <repstopdf --outfile=images/cluster2/stage_18-e
ps-converted-to.pdf images/cluster2/stage_18.eps>
(epstopdf)             \includegraphics on input line 655.
runsystem(repstopdf --outfile=images/cluster2/stage_18-eps-converted-to.pdf ima
ges/cluster2/stage_18.eps)...executed safely (allowed).

Package epstopdf Info: Result file: <images/cluster2/stage_18-eps-converted-to.
pdf>
(epstopdf)                    date: 2014-12-18 15:06:02
(epstopdf)                    size: 30340 bytes.

<images/cluster2/stage_18-eps-converted-to.pdf, id=56, 476.78125pt x 165.61874p
t>
File: images/cluster2/stage_18-eps-converted-to.pdf Graphic file (type pdf)
 <use images/cluster2/stage_18-eps-converted-to.pdf>
Package pdftex.def Info: images/cluster2/stage_18-eps-converted-to.pdf used on 
input line 655.
(pdftex.def)             Requested size: 70.76474pt x 49.686pt.
Package epstopdf Info: Source file: <images/cluster2/stage_18.eps>
(epstopdf)                    date: 2014-12-18 15:05:59
(epstopdf)                    size: 62380 bytes
(epstopdf)             Output file: <images/cluster2/stage_18-eps-converted-to.
pdf>
(epstopdf)                    date: 2014-12-18 15:06:02
(epstopdf)                    size: 30340 bytes
(epstopdf)             Command: <repstopdf --outfile=images/cluster2/stage_18-e
ps-converted-to.pdf images/cluster2/stage_18.eps>
(epstopdf)             \includegraphics on input line 656.
Package epstopdf Info: Output file is already uptodate.
File: images/cluster2/stage_18-eps-converted-to.pdf Graphic file (type pdf)

<use images/cluster2/stage_18-eps-converted-to.pdf>
Package pdftex.def Info: images/cluster2/stage_18-eps-converted-to.pdf used on 
input line 656.
(pdftex.def)             Requested size: 70.76474pt x 49.686pt.
Package epstopdf Info: Source file: <images/cluster2/stage_24.eps>
(epstopdf)                    date: 2014-12-18 15:05:59
(epstopdf)                    size: 62369 bytes
(epstopdf)             Output file: <images/cluster2/stage_24-eps-converted-to.
pdf>
(epstopdf)                    date: 2014-12-18 15:01:25
(epstopdf)                    size: 30335 bytes
(epstopdf)             Command: <repstopdf --outfile=images/cluster2/stage_24-e
ps-converted-to.pdf images/cluster2/stage_24.eps>
(epstopdf)             \includegraphics on input line 678.
runsystem(repstopdf --outfile=images/cluster2/stage_24-eps-converted-to.pdf ima
ges/cluster2/stage_24.eps)...executed safely (allowed).

Package epstopdf Info: Result file: <images/cluster2/stage_24-eps-converted-to.
pdf>
(epstopdf)                    date: 2014-12-18 15:06:02
(epstopdf)                    size: 30335 bytes.

<images/cluster2/stage_24-eps-converted-to.pdf, id=59, 476.78125pt x 165.61874p
t>
File: images/cluster2/stage_24-eps-converted-to.pdf Graphic file (type pdf)
 <use images/cluster2/stage_24-eps-converted-to.pdf>
Package pdftex.def Info: images/cluster2/stage_24-eps-converted-to.pdf used on 
input line 678.
(pdftex.def)             Requested size: 70.76474pt x 49.686pt.
Package epstopdf Info: Source file: <images/cluster2/stage_24.eps>
(epstopdf)                    date: 2014-12-18 15:05:59
(epstopdf)                    size: 62369 bytes
(epstopdf)             Output file: <images/cluster2/stage_24-eps-converted-to.
pdf>
(epstopdf)                    date: 2014-12-18 15:06:02
(epstopdf)                    size: 30335 bytes
(epstopdf)             Command: <repstopdf --outfile=images/cluster2/stage_24-e
ps-converted-to.pdf images/cluster2/stage_24.eps>
(epstopdf)             \includegraphics on input line 679.
Package epstopdf Info: Output file is already uptodate.
File: images/cluster2/stage_24-eps-converted-to.pdf Graphic file (type pdf)

<use images/cluster2/stage_24-eps-converted-to.pdf>
Package pdftex.def Info: images/cluster2/stage_24-eps-converted-to.pdf used on 
input line 679.
(pdftex.def)             Requested size: 70.76474pt x 49.686pt.
Package epstopdf Info: Source file: <images/cluster2/stage_36.eps>
(epstopdf)                    date: 2014-12-18 15:05:59
(epstopdf)                    size: 62348 bytes
(epstopdf)             Output file: <images/cluster2/stage_36-eps-converted-to.
pdf>
(epstopdf)                    date: 2014-12-18 15:01:25
(epstopdf)                    size: 30279 bytes
(epstopdf)             Command: <repstopdf --outfile=images/cluster2/stage_36-e
ps-converted-to.pdf images/cluster2/stage_36.eps>
(epstopdf)             \includegraphics on input line 701.
runsystem(repstopdf --outfile=images/cluster2/stage_36-eps-converted-to.pdf ima
ges/cluster2/stage_36.eps)...executed safely (allowed).

Package epstopdf Info: Result file: <images/cluster2/stage_36-eps-converted-to.
pdf>
(epstopdf)                    date: 2014-12-18 15:06:02
(epstopdf)                    size: 30279 bytes.

<images/cluster2/stage_36-eps-converted-to.pdf, id=62, 476.78125pt x 165.61874p
t>
File: images/cluster2/stage_36-eps-converted-to.pdf Graphic file (type pdf)
 <use images/cluster2/stage_36-eps-converted-to.pdf>
Package pdftex.def Info: images/cluster2/stage_36-eps-converted-to.pdf used on 
input line 701.
(pdftex.def)             Requested size: 70.76474pt x 49.686pt.
Package epstopdf Info: Source file: <images/cluster2/stage_36.eps>
(epstopdf)                    date: 2014-12-18 15:05:59
(epstopdf)                    size: 62348 bytes
(epstopdf)             Output file: <images/cluster2/stage_36-eps-converted-to.
pdf>
(epstopdf)                    date: 2014-12-18 15:06:02
(epstopdf)                    size: 30279 bytes
(epstopdf)             Command: <repstopdf --outfile=images/cluster2/stage_36-e
ps-converted-to.pdf images/cluster2/stage_36.eps>
(epstopdf)             \includegraphics on input line 702.
Package epstopdf Info: Output file is already uptodate.
File: images/cluster2/stage_36-eps-converted-to.pdf Graphic file (type pdf)

<use images/cluster2/stage_36-eps-converted-to.pdf>
Package pdftex.def Info: images/cluster2/stage_36-eps-converted-to.pdf used on 
input line 702.
(pdftex.def)             Requested size: 70.76474pt x 49.686pt.
Package epstopdf Info: Source file: <images/cluster3/stage_6.eps>
(epstopdf)                    date: 2014-12-18 15:05:59
(epstopdf)                    size: 62387 bytes
(epstopdf)             Output file: <images/cluster3/stage_6-eps-converted-to.p
df>
(epstopdf)                    date: 2014-12-18 15:01:25
(epstopdf)                    size: 30263 bytes
(epstopdf)             Command: <repstopdf --outfile=images/cluster3/stage_6-ep
s-converted-to.pdf images/cluster3/stage_6.eps>
(epstopdf)             \includegraphics on input line 737.
runsystem(repstopdf --outfile=images/cluster3/stage_6-eps-converted-to.pdf imag
es/cluster3/stage_6.eps)...executed safely (allowed).

Package epstopdf Info: Result file: <images/cluster3/stage_6-eps-converted-to.p
df>
(epstopdf)                    date: 2014-12-18 15:06:03
(epstopdf)                    size: 30263 bytes.

<images/cluster3/stage_6-eps-converted-to.pdf, id=65, 476.78125pt x 165.61874pt
>
File: images/cluster3/stage_6-eps-converted-to.pdf Graphic file (type pdf)
 <use images/cluster3/stage_6-eps-converted-to.pdf>
Package pdftex.def Info: images/cluster3/stage_6-eps-converted-to.pdf used on i
nput line 737.
(pdftex.def)             Requested size: 70.76474pt x 49.686pt.
Package epstopdf Info: Source file: <images/cluster3/stage_6.eps>
(epstopdf)                    date: 2014-12-18 15:05:59
(epstopdf)                    size: 62387 bytes
(epstopdf)             Output file: <images/cluster3/stage_6-eps-converted-to.p
df>
(epstopdf)                    date: 2014-12-18 15:06:03
(epstopdf)                    size: 30263 bytes
(epstopdf)             Command: <repstopdf --outfile=images/cluster3/stage_6-ep
s-converted-to.pdf images/cluster3/stage_6.eps>
(epstopdf)             \includegraphics on input line 738.
Package epstopdf Info: Output file is already uptodate.
File: images/cluster3/stage_6-eps-converted-to.pdf Graphic file (type pdf)

<use images/cluster3/stage_6-eps-converted-to.pdf>
Package pdftex.def Info: images/cluster3/stage_6-eps-converted-to.pdf used on i
nput line 738.
(pdftex.def)             Requested size: 70.76474pt x 49.686pt.
Package epstopdf Info: Source file: <images/cluster3/stage_12.eps>
(epstopdf)                    date: 2014-12-18 15:05:59
(epstopdf)                    size: 62387 bytes
(epstopdf)             Output file: <images/cluster3/stage_12-eps-converted-to.
pdf>
(epstopdf)                    date: 2014-12-18 15:01:25
(epstopdf)                    size: 30291 bytes
(epstopdf)             Command: <repstopdf --outfile=images/cluster3/stage_12-e
ps-converted-to.pdf images/cluster3/stage_12.eps>
(epstopdf)             \includegraphics on input line 760.
runsystem(repstopdf --outfile=images/cluster3/stage_12-eps-converted-to.pdf ima
ges/cluster3/stage_12.eps)...executed safely (allowed).

Package epstopdf Info: Result file: <images/cluster3/stage_12-eps-converted-to.
pdf>
(epstopdf)                    date: 2014-12-18 15:06:03
(epstopdf)                    size: 30291 bytes.

<images/cluster3/stage_12-eps-converted-to.pdf, id=68, 476.78125pt x 165.61874p
t>
File: images/cluster3/stage_12-eps-converted-to.pdf Graphic file (type pdf)
 <use images/cluster3/stage_12-eps-converted-to.pdf>
Package pdftex.def Info: images/cluster3/stage_12-eps-converted-to.pdf used on 
input line 760.
(pdftex.def)             Requested size: 70.76474pt x 49.686pt.
Package epstopdf Info: Source file: <images/cluster3/stage_12.eps>
(epstopdf)                    date: 2014-12-18 15:05:59
(epstopdf)                    size: 62387 bytes
(epstopdf)             Output file: <images/cluster3/stage_12-eps-converted-to.
pdf>
(epstopdf)                    date: 2014-12-18 15:06:03
(epstopdf)                    size: 30291 bytes
(epstopdf)             Command: <repstopdf --outfile=images/cluster3/stage_12-e
ps-converted-to.pdf images/cluster3/stage_12.eps>
(epstopdf)             \includegraphics on input line 761.
Package epstopdf Info: Output file is already uptodate.
File: images/cluster3/stage_12-eps-converted-to.pdf Graphic file (type pdf)

<use images/cluster3/stage_12-eps-converted-to.pdf>
Package pdftex.def Info: images/cluster3/stage_12-eps-converted-to.pdf used on 
input line 761.
(pdftex.def)             Requested size: 70.76474pt x 49.686pt.
Package epstopdf Info: Source file: <images/cluster3/stage_18.eps>
(epstopdf)                    date: 2014-12-18 15:05:59
(epstopdf)                    size: 62384 bytes
(epstopdf)             Output file: <images/cluster3/stage_18-eps-converted-to.
pdf>
(epstopdf)                    date: 2014-12-18 15:01:25
(epstopdf)                    size: 30312 bytes
(epstopdf)             Command: <repstopdf --outfile=images/cluster3/stage_18-e
ps-converted-to.pdf images/cluster3/stage_18.eps>
(epstopdf)             \includegraphics on input line 783.
runsystem(repstopdf --outfile=images/cluster3/stage_18-eps-converted-to.pdf ima
ges/cluster3/stage_18.eps)...executed safely (allowed).

Package epstopdf Info: Result file: <images/cluster3/stage_18-eps-converted-to.
pdf>
(epstopdf)                    date: 2014-12-18 15:06:03
(epstopdf)                    size: 30312 bytes.

<images/cluster3/stage_18-eps-converted-to.pdf, id=71, 476.78125pt x 165.61874p
t>
File: images/cluster3/stage_18-eps-converted-to.pdf Graphic file (type pdf)
 <use images/cluster3/stage_18-eps-converted-to.pdf>
Package pdftex.def Info: images/cluster3/stage_18-eps-converted-to.pdf used on 
input line 783.
(pdftex.def)             Requested size: 70.76474pt x 49.686pt.
Package epstopdf Info: Source file: <images/cluster3/stage_18.eps>
(epstopdf)                    date: 2014-12-18 15:05:59
(epstopdf)                    size: 62384 bytes
(epstopdf)             Output file: <images/cluster3/stage_18-eps-converted-to.
pdf>
(epstopdf)                    date: 2014-12-18 15:06:03
(epstopdf)                    size: 30312 bytes
(epstopdf)             Command: <repstopdf --outfile=images/cluster3/stage_18-e
ps-converted-to.pdf images/cluster3/stage_18.eps>
(epstopdf)             \includegraphics on input line 784.
Package epstopdf Info: Output file is already uptodate.
File: images/cluster3/stage_18-eps-converted-to.pdf Graphic file (type pdf)

<use images/cluster3/stage_18-eps-converted-to.pdf>
Package pdftex.def Info: images/cluster3/stage_18-eps-converted-to.pdf used on 
input line 784.
(pdftex.def)             Requested size: 70.76474pt x 49.686pt.
Package epstopdf Info: Source file: <images/cluster3/stage_24.eps>
(epstopdf)                    date: 2014-12-18 15:05:59
(epstopdf)                    size: 62381 bytes
(epstopdf)             Output file: <images/cluster3/stage_24-eps-converted-to.
pdf>
(epstopdf)                    date: 2014-12-18 15:01:26
(epstopdf)                    size: 30320 bytes
(epstopdf)             Command: <repstopdf --outfile=images/cluster3/stage_24-e
ps-converted-to.pdf images/cluster3/stage_24.eps>
(epstopdf)             \includegraphics on input line 806.
runsystem(repstopdf --outfile=images/cluster3/stage_24-eps-converted-to.pdf ima
ges/cluster3/stage_24.eps)...executed safely (allowed).

Package epstopdf Info: Result file: <images/cluster3/stage_24-eps-converted-to.
pdf>
(epstopdf)                    date: 2014-12-18 15:06:03
(epstopdf)                    size: 30320 bytes.

<images/cluster3/stage_24-eps-converted-to.pdf, id=74, 476.78125pt x 165.61874p
t>
File: images/cluster3/stage_24-eps-converted-to.pdf Graphic file (type pdf)
 <use images/cluster3/stage_24-eps-converted-to.pdf>
Package pdftex.def Info: images/cluster3/stage_24-eps-converted-to.pdf used on 
input line 806.
(pdftex.def)             Requested size: 70.76474pt x 49.686pt.
Package epstopdf Info: Source file: <images/cluster3/stage_24.eps>
(epstopdf)                    date: 2014-12-18 15:05:59
(epstopdf)                    size: 62381 bytes
(epstopdf)             Output file: <images/cluster3/stage_24-eps-converted-to.
pdf>
(epstopdf)                    date: 2014-12-18 15:06:03
(epstopdf)                    size: 30320 bytes
(epstopdf)             Command: <repstopdf --outfile=images/cluster3/stage_24-e
ps-converted-to.pdf images/cluster3/stage_24.eps>
(epstopdf)             \includegraphics on input line 807.
Package epstopdf Info: Output file is already uptodate.
File: images/cluster3/stage_24-eps-converted-to.pdf Graphic file (type pdf)

<use images/cluster3/stage_24-eps-converted-to.pdf>
Package pdftex.def Info: images/cluster3/stage_24-eps-converted-to.pdf used on 
input line 807.
(pdftex.def)             Requested size: 70.76474pt x 49.686pt.
Package epstopdf Info: Source file: <images/cluster3/stage_36.eps>
(epstopdf)                    date: 2014-12-18 15:05:59
(epstopdf)                    size: 62361 bytes
(epstopdf)             Output file: <images/cluster3/stage_36-eps-converted-to.
pdf>
(epstopdf)                    date: 2014-12-18 15:01:26
(epstopdf)                    size: 30313 bytes
(epstopdf)             Command: <repstopdf --outfile=images/cluster3/stage_36-e
ps-converted-to.pdf images/cluster3/stage_36.eps>
(epstopdf)             \includegraphics on input line 829.
runsystem(repstopdf --outfile=images/cluster3/stage_36-eps-converted-to.pdf ima
ges/cluster3/stage_36.eps)...executed safely (allowed).

Package epstopdf Info: Result file: <images/cluster3/stage_36-eps-converted-to.
pdf>
(epstopdf)                    date: 2014-12-18 15:06:03
(epstopdf)                    size: 30313 bytes.

<images/cluster3/stage_36-eps-converted-to.pdf, id=77, 476.78125pt x 165.61874p
t>
File: images/cluster3/stage_36-eps-converted-to.pdf Graphic file (type pdf)
 <use images/cluster3/stage_36-eps-converted-to.pdf>
Package pdftex.def Info: images/cluster3/stage_36-eps-converted-to.pdf used on 
input line 829.
(pdftex.def)             Requested size: 70.76474pt x 49.686pt.
Package epstopdf Info: Source file: <images/cluster3/stage_36.eps>
(epstopdf)                    date: 2014-12-18 15:05:59
(epstopdf)                    size: 62361 bytes
(epstopdf)             Output file: <images/cluster3/stage_36-eps-converted-to.
pdf>
(epstopdf)                    date: 2014-12-18 15:06:03
(epstopdf)                    size: 30313 bytes
(epstopdf)             Command: <repstopdf --outfile=images/cluster3/stage_36-e
ps-converted-to.pdf images/cluster3/stage_36.eps>
(epstopdf)             \includegraphics on input line 830.
Package epstopdf Info: Output file is already uptodate.
File: images/cluster3/stage_36-eps-converted-to.pdf Graphic file (type pdf)

<use images/cluster3/stage_36-eps-converted-to.pdf>
Package pdftex.def Info: images/cluster3/stage_36-eps-converted-to.pdf used on 
input line 830.
(pdftex.def)             Requested size: 70.76474pt x 49.686pt.
 [1

{/var/lib/texmf/fonts/map/pdftex/updmap/pdftex.map} <./images/EBM/stage_6-eps-c
onverted-to.pdf> <./images/EBM/stage_12-eps-converted-to.pdf> <./images/EBM/sta
ge_18-eps-converted-to.pdf> <./images/EBM/stage_24-eps-converted-to.pdf> <./ima
ges/EBM/stage_36-eps-converted-to.pdf> <./images/GMM/stage_6-eps-converted-to.p
df> <./images/GMM/stage_12-eps-converted-to.pdf> <./images/GMM/stage_18-eps-con
verted-to.pdf> <./images/GMM/stage_24-eps-converted-to.pdf> <./images/GMM/stage
_36-eps-converted-to.pdf> <./images/cluster1/stage_6-eps-converted-to.pdf> <./i
mages/cluster1/stage_12-eps-converted-to.pdf> <./images/cluster1/stage_18-eps-c
onverted-to.pdf> <./images/cluster1/stage_24-eps-converted-to.pdf> <./images/cl
uster1/stage_36-eps-converted-to.pdf> <./images/cluster2/stage_6-eps-converted-
to.pdf> <./images/cluster2/stage_12-eps-converted-to.pdf> <./images/cluster2/st
age_18-eps-converted-to.pdf> <./images/cluster2/stage_24-eps-converted-to.pdf> 
<./images/cluster2/stage_36-eps-converted-to.pdf>]
Package epstopdf Info: Source file: <images/Mid-Lateral_surface3.eps>
(epstopdf)                    date: 2014-12-18 10:57:23
(epstopdf)                    size: 963785 bytes
(epstopdf)             Output file: <images/Mid-Lateral_surface3-eps-converted-
to.pdf>
(epstopdf)                    date: 2014-12-18 12:32:08
(epstopdf)                    size: 51782 bytes
(epstopdf)             Command: <repstopdf --outfile=images/Mid-Lateral_surface
3-eps-converted-to.pdf images/Mid-Lateral_surface3.eps>
(epstopdf)             \includegraphics on input line 868.
Package epstopdf Info: Output file is already uptodate.

<images/Mid-Lateral_surface3-eps-converted-to.pdf, id=169, 501.875pt x 167.6262
5pt>
File: images/Mid-Lateral_surface3-eps-converted-to.pdf Graphic file (type pdf)
 <use images/Mid-Lateral_surface3-eps-converted-to.pdf>
Package pdftex.def Info: images/Mid-Lateral_surface3-eps-converted-to.pdf used 
on input line 868.
(pdftex.def)             Requested size: 351.31009pt x 117.33755pt.
 [2 <./images/cluster3/stage_6-eps-converted-to.pdf> <./images/cluster3/stage_1
2-eps-converted-to.pdf> <./images/cluster3/stage_18-eps-converted-to.pdf> <./im
ages/cluster3/stage_24-eps-converted-to.pdf> <./images/cluster3/stage_36-eps-co
nverted-to.pdf> <./images/Mid-Lateral_surface3-eps-converted-to.pdf>] (./report
1_gen.aux) ) 
Here is how much of TeX's memory you used:
 12674 strings out of 495028
 233645 string characters out of 6181496
 382860 words of memory out of 5000000
 15632 multiletter control sequences out of 15000+600000
 16678 words of font info for 20 fonts, out of 8000000 for 9000
 14 hyphenation exceptions out of 8191
 56i,10n,58p,427b,708s stack positions out of 5000i,500n,10000p,200000b,80000s
{/usr/share/texmf/fonts/enc/dvips/lm/lm-ec.enc}</usr/share/texmf/fo
nts/type1/public/lm/lmbx10.pfb></usr/share/texmf/fonts/type1/public/lm/lmr10.pf
b></usr/share/texmf/fonts/type1/public/lm/lmr8.pfb>
Output written on report1_gen.pdf (2 pages, 837681 bytes).
PDF statistics:
 219 PDF objects out of 1000 (max. 8388607)
 129 compressed objects within 2 object streams
 0 named destinations out of 1000 (max. 500000)
 455 words of extra memory for PDF output out of 10000 (max. 10000000)

